# JRE version: OpenJDK Runtime Environment Temurin-17.0.7+7 (17.0.7+7) (build 17.0.7+7)
# Java VM: OpenJDK 64-Bit Server VM Temurin-17.0.7+7 (17.0.7+7, mixed mode, tiered, compressed oops, compressed class ptrs, g1 gc, windows-amd64)
GC Precious Log:
 CPUs: 12 total, 12 available
 Memory: 16173M
 Large Page Support: Disabled
 NUMA Support: Disabled
 Compressed Oops: Enabled (Zero based)
 Heap Region Size: 2M
 Heap Min Capacity: 8M
 Heap Initial Capacity: 254M
 Heap Max Capacity: 4044M
 Pre-touch: Disabled
 Parallel Workers: 10
 Concurrent Workers: 3
 Concurrent Refinement Workers: 10
 Periodic GC: Disabled
Heap:
 garbage-first heap   total 81920K, used 22798K [0x0000000703400000, 0x0000000800000000)
  region size 2048K, 1 young (2048K), 0 survivors (0K)
 Metaspace       used 75077K, committed 75712K, reserved 1179648K
  class space    used 9459K, committed 9728K, reserved 1048576K
GC Heap History (20 events):
Event: 384.470 GC heap before
{Heap before GC invocations=20 (full 1):
 garbage-first heap   total 83968K, used 31229K [0x0000000703400000, 0x0000000800000000)
  region size 2048K, 5 young (10240K), 2 survivors (4096K)
 Metaspace       used 72618K, committed 73216K, reserved 1114112K
  class space    used 9307K, committed 9600K, reserved 1048576K
}
Event: 384.508 GC heap after
{Heap after GC invocations=21 (full 2):
 garbage-first heap   total 83968K, used 21358K [0x0000000703400000, 0x0000000800000000)
  region size 2048K, 0 young (0K), 0 survivors (0K)
 Metaspace       used 72616K, committed 73216K, reserved 1114112K
  class space    used 9307K, committed 9600K, reserved 1048576K
}
Event: 385.897 GC heap before
{Heap before GC invocations=21 (full 2):
 garbage-first heap   total 83968K, used 58222K [0x0000000703400000, 0x0000000800000000)
  region size 2048K, 19 young (38912K), 0 survivors (0K)
 Metaspace       used 73027K, committed 73600K, reserved 1114112K
  class space    used 9324K, committed 9600K, reserved 1048576K
}
Event: 385.900 GC heap after
{Heap after GC invocations=22 (full 2):
 garbage-first heap   total 83968K, used 25205K [0x0000000703400000, 0x0000000800000000)
  region size 2048K, 2 young (4096K), 2 survivors (4096K)
 Metaspace       used 73027K, committed 73600K, reserved 1114112K
  class space    used 9324K, committed 9600K, reserved 1048576K
}
Event: 386.213 GC heap before
{Heap before GC invocations=22 (full 2):
 garbage-first heap   total 83968K, used 60021K [0x0000000703400000, 0x0000000800000000)
  region size 2048K, 19 young (38912K), 2 survivors (4096K)
 Metaspace       used 73483K, committed 74048K, reserved 1114112K
  class space    used 9342K, committed 9600K, reserved 1048576K
}
Event: 386.217 GC heap after
{Heap after GC invocations=23 (full 2):
 garbage-first heap   total 83968K, used 26992K [0x0000000703400000, 0x0000000800000000)
  region size 2048K, 2 young (4096K), 2 survivors (4096K)
 Metaspace       used 73483K, committed 74048K, reserved 1114112K
  class space    used 9342K, committed 9600K, reserved 1048576K
}
Event: 453.648 GC heap before
{Heap before GC invocations=23 (full 2):
 garbage-first heap   total 83968K, used 33136K [0x0000000703400000, 0x0000000800000000)
  region size 2048K, 6 young (12288K), 2 survivors (4096K)
 Metaspace       used 73523K, committed 74112K, reserved 1114112K
  class space    used 9343K, committed 9600K, reserved 1048576K
}
Event: 453.676 GC heap after
{Heap after GC invocations=24 (full 3):
 garbage-first heap   total 81920K, used 21633K [0x0000000703400000, 0x0000000800000000)
  region size 2048K, 0 young (0K), 0 survivors (0K)
 Metaspace       used 73520K, committed 74112K, reserved 1114112K
  class space    used 9342K, committed 9600K, reserved 1048576K
}
Event: 454.304 GC heap before
{Heap before GC invocations=24 (full 3):
 garbage-first heap   total 81920K, used 60545K [0x0000000703400000, 0x0000000800000000)
  region size 2048K, 19 young (38912K), 0 survivors (0K)
 Metaspace       used 73830K, committed 74496K, reserved 1114112K
  class space    used 9369K, committed 9664K, reserved 1048576K
}
Event: 454.307 GC heap after
{Heap after GC invocations=25 (full 3):
 garbage-first heap   total 81920K, used 25593K [0x0000000703400000, 0x0000000800000000)
  region size 2048K, 2 young (4096K), 2 survivors (4096K)
 Metaspace       used 73830K, committed 74496K, reserved 1114112K
  class space    used 9369K, committed 9664K, reserved 1048576K
}
Event: 454.931 GC heap before
{Heap before GC invocations=25 (full 3):
 garbage-first heap   total 81920K, used 60409K [0x0000000703400000, 0x0000000800000000)
  region size 2048K, 19 young (38912K), 2 survivors (4096K)
 Metaspace       used 74317K, committed 74944K, reserved 1179648K
  class space    used 9408K, committed 9728K, reserved 1048576K
}
Event: 454.935 GC heap after
{Heap after GC invocations=26 (full 3):
 garbage-first heap   total 81920K, used 27331K [0x0000000703400000, 0x0000000800000000)
  region size 2048K, 2 young (4096K), 2 survivors (4096K)
 Metaspace       used 74317K, committed 74944K, reserved 1179648K
  class space    used 9408K, committed 9728K, reserved 1048576K
}
Event: 461.975 GC heap before
{Heap before GC invocations=26 (full 3):
 garbage-first heap   total 81920K, used 31427K [0x0000000703400000, 0x0000000800000000)
  region size 2048K, 5 young (10240K), 2 survivors (4096K)
 Metaspace       used 74329K, committed 75008K, reserved 1179648K
  class space    used 9408K, committed 9728K, reserved 1048576K
}
Event: 462.014 GC heap after
{Heap after GC invocations=27 (full 4):
 garbage-first heap   total 81920K, used 21985K [0x0000000703400000, 0x0000000800000000)
  region size 2048K, 0 young (0K), 0 survivors (0K)
 Metaspace       used 74326K, committed 75008K, reserved 1179648K
  class space    used 9408K, committed 9728K, reserved 1048576K
}
Event: 462.548 GC heap before
{Heap before GC invocations=27 (full 4):
 garbage-first heap   total 81920K, used 60897K [0x0000000703400000, 0x0000000800000000)
  region size 2048K, 19 young (38912K), 0 survivors (0K)
 Metaspace       used 74525K, committed 75200K, reserved 1179648K
  class space    used 9424K, committed 9728K, reserved 1048576K
}
Event: 462.557 GC heap after
{Heap after GC invocations=28 (full 4):
 garbage-first heap   total 81920K, used 25835K [0x0000000703400000, 0x0000000800000000)
  region size 2048K, 2 young (4096K), 2 survivors (4096K)
 Metaspace       used 74525K, committed 75200K, reserved 1179648K
  class space    used 9424K, committed 9728K, reserved 1048576K
}
Event: 462.911 GC heap before
{Heap before GC invocations=28 (full 4):
 garbage-first heap   total 81920K, used 60651K [0x0000000703400000, 0x0000000800000000)
  region size 2048K, 19 young (38912K), 2 survivors (4096K)
 Metaspace       used 74901K, committed 75520K, reserved 1179648K
  class space    used 9444K, committed 9728K, reserved 1048576K
}
Event: 462.914 GC heap after
{Heap after GC invocations=29 (full 4):
 garbage-first heap   total 81920K, used 27712K [0x0000000703400000, 0x0000000800000000)
  region size 2048K, 2 young (4096K), 2 survivors (4096K)
 Metaspace       used 74901K, committed 75520K, reserved 1179648K
  class space    used 9444K, committed 9728K, reserved 1048576K
}
Event: 963.064 GC heap before
{Heap before GC invocations=29 (full 4):
 garbage-first heap   total 81920K, used 50240K [0x0000000703400000, 0x0000000800000000)
  region size 2048K, 14 young (28672K), 2 survivors (4096K)
 Metaspace       used 75078K, committed 75712K, reserved 1179648K
  class space    used 9459K, committed 9728K, reserved 1048576K
}
Event: 963.098 GC heap after
{Heap after GC invocations=30 (full 5):
 garbage-first heap   total 81920K, used 22798K [0x0000000703400000, 0x0000000800000000)
  region size 2048K, 0 young (0K), 0 survivors (0K)
 Metaspace       used 75075K, committed 75712K, reserved 1179648K
  class space    used 9458K, committed 9728K, reserved 1048576K
}

